15:59:23.443 [main] INFO - 
|---|-------|--------|------------|--------------|------|---------|---|---|-------|---------|--------|------------|--------------|
|no |author |content |modify_date |register_date |title |board_no |no |no |author |board_no |content |modify_date |register_date |
|---|-------|--------|------------|--------------|------|---------|---|---|-------|---------|--------|------------|--------------|
|---|-------|--------|------------|--------------|------|---------|---|---|-------|---------|--------|------------|--------------|


15:59:23.600 [main] INFO - 
|---|-------|--------|------------|--------------|------|
|no |author |content |modify_date |register_date |title |
|---|-------|--------|------------|--------------|------|
|---|-------|--------|------------|--------------|------|


15:59:23.675 [main] INFO - 
|---|-------|---------|--------|------------|--------------|---|-------|--------|------------|--------------|------|
|no |author |board_no |content |modify_date |register_date |no |author |content |modify_date |register_date |title |
|---|-------|---------|--------|------------|--------------|---|-------|--------|------------|--------------|------|
|---|-------|---------|--------|------------|--------------|---|-------|--------|------------|--------------|------|


15:59:23.771 [main] INFO - 
|---|-------|---------|--------|------------|--------------|---|-------|--------|------------|--------------|------|
|no |author |board_no |content |modify_date |register_date |no |author |content |modify_date |register_date |title |
|---|-------|---------|--------|------------|--------------|---|-------|--------|------------|--------------|------|
|---|-------|---------|--------|------------|--------------|---|-------|--------|------------|--------------|------|


15:59:23.820 [main] INFO - 
|---|-------|--------|------------|--------------|------|---------|---|---|-------|---------|--------|------------|--------------|
|no |author |content |modify_date |register_date |title |board_no |no |no |author |board_no |content |modify_date |register_date |
|---|-------|--------|------------|--------------|------|---------|---|---|-------|---------|--------|------------|--------------|
|---|-------|--------|------------|--------------|------|---------|---|---|-------|---------|--------|------------|--------------|


15:59:23.881 [main] INFO - 
|---|-------|--------|------------|--------------|------|---------|---|---|-------|---------|--------|------------|--------------|
|no |author |content |modify_date |register_date |title |board_no |no |no |author |board_no |content |modify_date |register_date |
|---|-------|--------|------------|--------------|------|---------|---|---|-------|---------|--------|------------|--------------|
|---|-------|--------|------------|--------------|------|---------|---|---|-------|---------|--------|------------|--------------|


15:59:24.030 [main] INFO - 
|--------------|
|generated_key |
|--------------|
|1             |
|--------------|


15:59:24.112 [main] INFO - 
|---|-------|--------|------------|--------------|------|---------|---|---|-------|---------|--------|------------|--------------|
|no |author |content |modify_date |register_date |title |board_no |no |no |author |board_no |content |modify_date |register_date |
|---|-------|--------|------------|--------------|------|---------|---|---|-------|---------|--------|------------|--------------|
|---|-------|--------|------------|--------------|------|---------|---|---|-------|---------|--------|------------|--------------|


15:59:24.219 [main] INFO - 
|---|--------|--------|------------|--------------|-------|
|no |author  |content |modify_date |register_date |title  |
|---|--------|--------|------------|--------------|-------|
|1  |author1 |content |2019-02-23  |2019-02-23    |title1 |
|---|--------|--------|------------|--------------|-------|


15:59:24.234 [main] INFO - 
|---------|---|---|-------|---------|--------|------------|--------------|
|board_no |no |no |author |board_no |content |modify_date |register_date |
|---------|---|---|-------|---------|--------|------------|--------------|
|---------|---|---|-------|---------|--------|------------|--------------|


15:59:24.496 [main] INFO - 
|--------|-----------|---------|
|type    |date       |col_2_0_ |
|--------|-----------|---------|
|housing |2017-07-19 |83029.5  |
|housing |2017-10-16 |11805.0  |
|--------|-----------|---------|


16:08:44.157 [http-nio-8080-exec-1] INFO - 
|--------|-----------|------------------|
|type    |date       |col_2_0_          |
|--------|-----------|------------------|
|apart   |2003-11-20 |369326.6666666667 |
|apart   |2004-05-07 |929492.0          |
|apart   |2005-02-10 |372825.5          |
|apart   |2006-08-13 |850750.0          |
|apart   |2007-08-15 |758908.5          |
|apart   |2008-10-30 |400267.5          |
|apart   |2009-06-14 |521820.0          |
|apart   |2010-08-22 |416754.0          |
|apart   |2011-03-16 |806941.0          |
|apart   |2012-04-28 |547533.5          |
|apart   |2013-05-05 |566119.0          |
|apart   |2015-01-20 |382082.0          |
|apart   |2016-12-27 |549401.0          |
|apart   |2017-08-09 |713643.0          |
|apart   |2018-12-03 |391225.5          |
|housing |2002-12-17 |609872.0          |
|housing |2003-03-01 |476269.6666666667 |
|housing |2004-07-27 |513994.5          |
|housing |2005-10-10 |382000.0          |
|housing |2006-05-04 |456549.5          |
|housing |2008-03-08 |319689.5          |
|housing |2009-05-08 |646952.5          |
|housing |2010-11-30 |630071.0          |
|housing |2011-03-16 |573987.3333333334 |
|housing |2012-12-27 |568697.0          |
|housing |2013-06-17 |434106.5          |
|housing |2014-02-04 |418666.0          |
|housing |2015-04-05 |605672.0          |
|housing |2016-02-14 |314310.5          |
|housing |2017-11-01 |670058.0          |
|housing |2018-02-02 |274482.3333333333 |
|opistel |2003-07-02 |289217.0          |
|opistel |2004-03-15 |576176.6666666666 |
|opistel |2005-03-22 |114507.75         |
|opistel |2006-05-24 |290841.3333333333 |
|opistel |2007-01-19 |85891.0           |
|opistel |2008-02-24 |329486.5          |
|opistel |2009-09-16 |455998.3333333333 |
|opistel |2010-06-17 |557123.25         |
|opistel |2011-07-07 |540134.5          |
|opistel |2012-07-27 |579436.6          |
|opistel |2013-04-10 |547356.6666666666 |
|opistel |2014-11-20 |745809.3333333334 |
|opistel |2015-04-12 |524897.3333333334 |
|opistel |2016-02-21 |442470.6666666667 |
|opistel |2017-02-02 |177629.75         |
|opistel |2018-02-02 |340140.3333333333 |
|--------|-----------|------------------|


16:08:44.192 [http-nio-8080-exec-1] INFO - 
|--------|-----------|-------------------|
|type    |date       |col_2_0_           |
|--------|-----------|-------------------|
|apart   |2004-12-13 |39498.8            |
|apart   |2005-03-31 |47179.333333333336 |
|apart   |2006-12-08 |44503.0            |
|apart   |2008-12-20 |62324.0            |
|apart   |2009-03-01 |46040.666666666664 |
|apart   |2010-02-14 |53813.666666666664 |
|apart   |2011-09-26 |31499.0            |
|apart   |2012-02-28 |9940.0             |
|apart   |2013-05-20 |33847.0            |
|apart   |2017-04-28 |10694.0            |
|apart   |2018-12-03 |43055.0            |
|housing |2003-06-15 |97838.0            |
|housing |2004-02-12 |84403.0            |
|housing |2005-11-16 |74168.5            |
|housing |2006-07-10 |72279.0            |
|housing |2007-08-30 |56377.666666666664 |
|housing |2008-09-22 |58584.5            |
|housing |2009-08-19 |48374.0            |
|housing |2011-03-11 |4814.0             |
|housing |2012-11-25 |37473.0            |
|housing |2013-11-03 |54098.666666666664 |
|housing |2014-06-16 |23833.0            |
|housing |2015-05-17 |56619.0            |
|housing |2016-01-25 |71938.66666666667  |
|housing |2017-05-05 |72546.25           |
|opistel |2003-12-12 |88288.5            |
|opistel |2004-08-01 |8971.0             |
|opistel |2005-08-24 |52035.666666666664 |
|opistel |2006-10-14 |55012.0            |
|opistel |2007-08-24 |97122.0            |
|opistel |2008-02-18 |76174.0            |
|opistel |2010-01-12 |64360.5            |
|opistel |2012-10-29 |48684.333333333336 |
|opistel |2013-09-12 |49055.333333333336 |
|opistel |2014-05-25 |49753.0            |
|opistel |2016-04-25 |54177.0            |
|opistel |2018-11-06 |90311.0            |
|--------|-----------|-------------------|


16:08:44.227 [http-nio-8080-exec-1] INFO - 
|--------|-----------|-------------------|
|type    |date       |col_2_0_           |
|--------|-----------|-------------------|
|apart   |2003-02-04 |64.9090909090909   |
|apart   |2004-07-05 |56.2               |
|apart   |2005-11-20 |67.1               |
|apart   |2006-12-07 |52.0               |
|apart   |2007-04-12 |67.75              |
|apart   |2008-05-24 |61.25              |
|apart   |2009-05-06 |67.14285714285714  |
|apart   |2010-12-03 |55.8               |
|apart   |2011-07-07 |50.0               |
|apart   |2012-05-27 |50.4               |
|apart   |2013-03-30 |52.125             |
|apart   |2014-11-03 |51.8               |
|apart   |2015-06-07 |52.625             |
|apart   |2016-12-18 |71.66666666666667  |
|apart   |2017-12-14 |72.66666666666667  |
|apart   |2018-11-26 |48.666666666666664 |
|housing |2002-12-07 |68.0               |
|housing |2003-04-02 |60.4               |
|housing |2004-09-04 |62.333333333333336 |
|housing |2005-06-11 |66.0               |
|housing |2006-09-14 |66.8               |
|housing |2007-03-05 |65.8               |
|housing |2008-06-20 |64.2               |
|housing |2009-08-23 |64.8               |
|housing |2010-01-26 |30.75              |
|housing |2011-05-13 |63.857142857142854 |
|housing |2012-07-25 |55.57142857142857  |
|housing |2013-02-17 |57.8               |
|housing |2014-03-03 |45.875             |
|housing |2015-10-13 |35.666666666666664 |
|housing |2016-11-09 |60.166666666666664 |
|housing |2017-04-29 |55.2               |
|housing |2018-07-01 |60.75              |
|opistel |2003-04-05 |50.0               |
|opistel |2004-10-21 |52.44444444444444  |
|opistel |2005-05-17 |59.375             |
|opistel |2006-01-08 |59.2               |
|opistel |2007-05-16 |50.5               |
|opistel |2008-11-21 |63.75              |
|opistel |2009-09-05 |74.4               |
|opistel |2010-08-01 |67.85714285714286  |
|opistel |2011-10-05 |93.0               |
|opistel |2012-01-02 |44.333333333333336 |
|opistel |2013-10-02 |60.666666666666664 |
|opistel |2014-09-13 |45.0               |
|opistel |2015-12-10 |78.71428571428571  |
|opistel |2016-04-23 |3919.6666666666665 |
|opistel |2017-05-23 |278.6363636363636  |
|opistel |2018-02-26 |38.2               |
|--------|-----------|-------------------|


16:18:46.823 [http-nio-8080-exec-1] INFO - 
|--------|-----------|------------------|
|type    |date       |col_2_0_          |
|--------|-----------|------------------|
|apart   |2003-11-20 |369326.6666666667 |
|apart   |2004-05-07 |929492.0          |
|apart   |2005-02-10 |372825.5          |
|apart   |2006-08-13 |850750.0          |
|apart   |2007-08-15 |758908.5          |
|apart   |2008-10-30 |400267.5          |
|apart   |2009-06-14 |521820.0          |
|apart   |2010-08-22 |416754.0          |
|apart   |2011-03-16 |806941.0          |
|apart   |2012-04-28 |547533.5          |
|apart   |2013-05-05 |566119.0          |
|apart   |2015-01-20 |382082.0          |
|apart   |2016-12-27 |549401.0          |
|apart   |2017-08-09 |713643.0          |
|apart   |2018-12-03 |391225.5          |
|housing |2002-12-17 |609872.0          |
|housing |2003-03-01 |476269.6666666667 |
|housing |2004-07-27 |513994.5          |
|housing |2005-10-10 |382000.0          |
|housing |2006-05-04 |456549.5          |
|housing |2008-03-08 |319689.5          |
|housing |2009-05-08 |646952.5          |
|housing |2010-11-30 |630071.0          |
|housing |2011-03-16 |573987.3333333334 |
|housing |2012-12-27 |568697.0          |
|housing |2013-06-17 |434106.5          |
|housing |2014-02-04 |418666.0          |
|housing |2015-04-05 |605672.0          |
|housing |2016-02-14 |314310.5          |
|housing |2017-11-01 |670058.0          |
|housing |2018-02-02 |274482.3333333333 |
|opistel |2003-07-02 |289217.0          |
|opistel |2004-03-15 |576176.6666666666 |
|opistel |2005-03-22 |114507.75         |
|opistel |2006-05-24 |290841.3333333333 |
|opistel |2007-01-19 |85891.0           |
|opistel |2008-02-24 |329486.5          |
|opistel |2009-09-16 |455998.3333333333 |
|opistel |2010-06-17 |557123.25         |
|opistel |2011-07-07 |540134.5          |
|opistel |2012-07-27 |579436.6          |
|opistel |2013-04-10 |547356.6666666666 |
|opistel |2014-11-20 |745809.3333333334 |
|opistel |2015-04-12 |524897.3333333334 |
|opistel |2016-02-21 |442470.6666666667 |
|opistel |2017-02-02 |177629.75         |
|opistel |2018-02-02 |340140.3333333333 |
|--------|-----------|------------------|


16:18:46.854 [http-nio-8080-exec-1] INFO - 
|--------|-----------|-------------------|
|type    |date       |col_2_0_           |
|--------|-----------|-------------------|
|apart   |2004-12-13 |39498.8            |
|apart   |2005-03-31 |47179.333333333336 |
|apart   |2006-12-08 |44503.0            |
|apart   |2008-12-20 |62324.0            |
|apart   |2009-03-01 |46040.666666666664 |
|apart   |2010-02-14 |53813.666666666664 |
|apart   |2011-09-26 |31499.0            |
|apart   |2012-02-28 |9940.0             |
|apart   |2013-05-20 |33847.0            |
|apart   |2017-04-28 |10694.0            |
|apart   |2018-12-03 |43055.0            |
|housing |2003-06-15 |97838.0            |
|housing |2004-02-12 |84403.0            |
|housing |2005-11-16 |74168.5            |
|housing |2006-07-10 |72279.0            |
|housing |2007-08-30 |56377.666666666664 |
|housing |2008-09-22 |58584.5            |
|housing |2009-08-19 |48374.0            |
|housing |2011-03-11 |4814.0             |
|housing |2012-11-25 |37473.0            |
|housing |2013-11-03 |54098.666666666664 |
|housing |2014-06-16 |23833.0            |
|housing |2015-05-17 |56619.0            |
|housing |2016-01-25 |71938.66666666667  |
|housing |2017-05-05 |72546.25           |
|opistel |2003-12-12 |88288.5            |
|opistel |2004-08-01 |8971.0             |
|opistel |2005-08-24 |52035.666666666664 |
|opistel |2006-10-14 |55012.0            |
|opistel |2007-08-24 |97122.0            |
|opistel |2008-02-18 |76174.0            |
|opistel |2010-01-12 |64360.5            |
|opistel |2012-10-29 |48684.333333333336 |
|opistel |2013-09-12 |49055.333333333336 |
|opistel |2014-05-25 |49753.0            |
|opistel |2016-04-25 |54177.0            |
|opistel |2018-11-06 |90311.0            |
|--------|-----------|-------------------|


16:18:46.889 [http-nio-8080-exec-1] INFO - 
|--------|-----------|-------------------|
|type    |date       |col_2_0_           |
|--------|-----------|-------------------|
|apart   |2003-02-04 |64.9090909090909   |
|apart   |2004-07-05 |56.2               |
|apart   |2005-11-20 |67.1               |
|apart   |2006-12-07 |52.0               |
|apart   |2007-04-12 |67.75              |
|apart   |2008-05-24 |61.25              |
|apart   |2009-05-06 |67.14285714285714  |
|apart   |2010-12-03 |55.8               |
|apart   |2011-07-07 |50.0               |
|apart   |2012-05-27 |50.4               |
|apart   |2013-03-30 |52.125             |
|apart   |2014-11-03 |51.8               |
|apart   |2015-06-07 |52.625             |
|apart   |2016-12-18 |71.66666666666667  |
|apart   |2017-12-14 |72.66666666666667  |
|apart   |2018-11-26 |48.666666666666664 |
|housing |2002-12-07 |68.0               |
|housing |2003-04-02 |60.4               |
|housing |2004-09-04 |62.333333333333336 |
|housing |2005-06-11 |66.0               |
|housing |2006-09-14 |66.8               |
|housing |2007-03-05 |65.8               |
|housing |2008-06-20 |64.2               |
|housing |2009-08-23 |64.8               |
|housing |2010-01-26 |30.75              |
|housing |2011-05-13 |63.857142857142854 |
|housing |2012-07-25 |55.57142857142857  |
|housing |2013-02-17 |57.8               |
|housing |2014-03-03 |45.875             |
|housing |2015-10-13 |35.666666666666664 |
|housing |2016-11-09 |60.166666666666664 |
|housing |2017-04-29 |55.2               |
|housing |2018-07-01 |60.75              |
|opistel |2003-04-05 |50.0               |
|opistel |2004-10-21 |52.44444444444444  |
|opistel |2005-05-17 |59.375             |
|opistel |2006-01-08 |59.2               |
|opistel |2007-05-16 |50.5               |
|opistel |2008-11-21 |63.75              |
|opistel |2009-09-05 |74.4               |
|opistel |2010-08-01 |67.85714285714286  |
|opistel |2011-10-05 |93.0               |
|opistel |2012-01-02 |44.333333333333336 |
|opistel |2013-10-02 |60.666666666666664 |
|opistel |2014-09-13 |45.0               |
|opistel |2015-12-10 |78.71428571428571  |
|opistel |2016-04-23 |3919.6666666666665 |
|opistel |2017-05-23 |278.6363636363636  |
|opistel |2018-02-26 |38.2               |
|--------|-----------|-------------------|


20:28:07.322 [http-nio-8080-exec-1] INFO - 
|--------|-----------|------------------|
|type    |date       |col_2_0_          |
|--------|-----------|------------------|
|apart   |2003-11-20 |369326.6666666667 |
|apart   |2004-05-07 |929492.0          |
|apart   |2005-02-10 |372825.5          |
|apart   |2006-08-13 |850750.0          |
|apart   |2007-08-15 |758908.5          |
|apart   |2008-10-30 |400267.5          |
|apart   |2009-06-14 |521820.0          |
|apart   |2010-08-22 |416754.0          |
|apart   |2011-03-16 |806941.0          |
|apart   |2012-04-28 |547533.5          |
|apart   |2013-05-05 |566119.0          |
|apart   |2015-01-20 |382082.0          |
|apart   |2016-12-27 |549401.0          |
|apart   |2017-08-09 |713643.0          |
|apart   |2018-12-03 |391225.5          |
|housing |2002-12-17 |609872.0          |
|housing |2003-03-01 |476269.6666666667 |
|housing |2004-07-27 |513994.5          |
|housing |2005-10-10 |382000.0          |
|housing |2006-05-04 |456549.5          |
|housing |2008-03-08 |319689.5          |
|housing |2009-05-08 |646952.5          |
|housing |2010-11-30 |630071.0          |
|housing |2011-03-16 |573987.3333333334 |
|housing |2012-12-27 |568697.0          |
|housing |2013-06-17 |434106.5          |
|housing |2014-02-04 |418666.0          |
|housing |2015-04-05 |605672.0          |
|housing |2016-02-14 |314310.5          |
|housing |2017-11-01 |670058.0          |
|housing |2018-02-02 |274482.3333333333 |
|opistel |2003-07-02 |289217.0          |
|opistel |2004-03-15 |576176.6666666666 |
|opistel |2005-03-22 |114507.75         |
|opistel |2006-05-24 |290841.3333333333 |
|opistel |2007-01-19 |85891.0           |
|opistel |2008-02-24 |329486.5          |
|opistel |2009-09-16 |455998.3333333333 |
|opistel |2010-06-17 |557123.25         |
|opistel |2011-07-07 |540134.5          |
|opistel |2012-07-27 |579436.6          |
|opistel |2013-04-10 |547356.6666666666 |
|opistel |2014-11-20 |745809.3333333334 |
|opistel |2015-04-12 |524897.3333333334 |
|opistel |2016-02-21 |442470.6666666667 |
|opistel |2017-02-02 |177629.75         |
|opistel |2018-02-02 |340140.3333333333 |
|--------|-----------|------------------|


20:28:07.361 [http-nio-8080-exec-1] INFO - 
|--------|-----------|-------------------|
|type    |date       |col_2_0_           |
|--------|-----------|-------------------|
|apart   |2004-12-13 |39498.8            |
|apart   |2005-03-31 |47179.333333333336 |
|apart   |2006-12-08 |44503.0            |
|apart   |2008-12-20 |62324.0            |
|apart   |2009-03-01 |46040.666666666664 |
|apart   |2010-02-14 |53813.666666666664 |
|apart   |2011-09-26 |31499.0            |
|apart   |2012-02-28 |9940.0             |
|apart   |2013-05-20 |33847.0            |
|apart   |2017-04-28 |10694.0            |
|apart   |2018-12-03 |43055.0            |
|housing |2003-06-15 |97838.0            |
|housing |2004-02-12 |84403.0            |
|housing |2005-11-16 |74168.5            |
|housing |2006-07-10 |72279.0            |
|housing |2007-08-30 |56377.666666666664 |
|housing |2008-09-22 |58584.5            |
|housing |2009-08-19 |48374.0            |
|housing |2011-03-11 |4814.0             |
|housing |2012-11-25 |37473.0            |
|housing |2013-11-03 |54098.666666666664 |
|housing |2014-06-16 |23833.0            |
|housing |2015-05-17 |56619.0            |
|housing |2016-01-25 |71938.66666666667  |
|housing |2017-05-05 |72546.25           |
|opistel |2003-12-12 |88288.5            |
|opistel |2004-08-01 |8971.0             |
|opistel |2005-08-24 |52035.666666666664 |
|opistel |2006-10-14 |55012.0            |
|opistel |2007-08-24 |97122.0            |
|opistel |2008-02-18 |76174.0            |
|opistel |2010-01-12 |64360.5            |
|opistel |2012-10-29 |48684.333333333336 |
|opistel |2013-09-12 |49055.333333333336 |
|opistel |2014-05-25 |49753.0            |
|opistel |2016-04-25 |54177.0            |
|opistel |2018-11-06 |90311.0            |
|--------|-----------|-------------------|


20:28:07.428 [http-nio-8080-exec-1] INFO - 
|--------|-----------|-------------------|
|type    |date       |col_2_0_           |
|--------|-----------|-------------------|
|apart   |2003-02-04 |64.9090909090909   |
|apart   |2004-07-05 |56.2               |
|apart   |2005-11-20 |67.1               |
|apart   |2006-12-07 |52.0               |
|apart   |2007-04-12 |67.75              |
|apart   |2008-05-24 |61.25              |
|apart   |2009-05-06 |67.14285714285714  |
|apart   |2010-12-03 |55.8               |
|apart   |2011-07-07 |50.0               |
|apart   |2012-05-27 |50.4               |
|apart   |2013-03-30 |52.125             |
|apart   |2014-11-03 |51.8               |
|apart   |2015-06-07 |52.625             |
|apart   |2016-12-18 |71.66666666666667  |
|apart   |2017-12-14 |72.66666666666667  |
|apart   |2018-11-26 |48.666666666666664 |
|housing |2002-12-07 |68.0               |
|housing |2003-04-02 |60.4               |
|housing |2004-09-04 |62.333333333333336 |
|housing |2005-06-11 |66.0               |
|housing |2006-09-14 |66.8               |
|housing |2007-03-05 |65.8               |
|housing |2008-06-20 |64.2               |
|housing |2009-08-23 |64.8               |
|housing |2010-01-26 |30.75              |
|housing |2011-05-13 |63.857142857142854 |
|housing |2012-07-25 |55.57142857142857  |
|housing |2013-02-17 |57.8               |
|housing |2014-03-03 |45.875             |
|housing |2015-10-13 |35.666666666666664 |
|housing |2016-11-09 |60.166666666666664 |
|housing |2017-04-29 |55.2               |
|housing |2018-07-01 |60.75              |
|opistel |2003-04-05 |50.0               |
|opistel |2004-10-21 |52.44444444444444  |
|opistel |2005-05-17 |59.375             |
|opistel |2006-01-08 |59.2               |
|opistel |2007-05-16 |50.5               |
|opistel |2008-11-21 |63.75              |
|opistel |2009-09-05 |74.4               |
|opistel |2010-08-01 |67.85714285714286  |
|opistel |2011-10-05 |93.0               |
|opistel |2012-01-02 |44.333333333333336 |
|opistel |2013-10-02 |60.666666666666664 |
|opistel |2014-09-13 |45.0               |
|opistel |2015-12-10 |78.71428571428571  |
|opistel |2016-04-23 |3919.6666666666665 |
|opistel |2017-05-23 |278.6363636363636  |
|opistel |2018-02-26 |38.2               |
|--------|-----------|-------------------|


20:38:46.636 [http-nio-8080-exec-1] INFO - 
|--------|-----------|------------------|
|type    |date       |col_2_0_          |
|--------|-----------|------------------|
|apart   |2003-11-20 |369326.6666666667 |
|apart   |2004-05-07 |929492.0          |
|apart   |2005-02-10 |372825.5          |
|apart   |2006-08-13 |850750.0          |
|apart   |2007-08-15 |758908.5          |
|apart   |2008-10-30 |400267.5          |
|apart   |2009-06-14 |521820.0          |
|apart   |2010-08-22 |416754.0          |
|apart   |2011-03-16 |806941.0          |
|apart   |2012-04-28 |547533.5          |
|apart   |2013-05-05 |566119.0          |
|apart   |2015-01-20 |382082.0          |
|apart   |2016-12-27 |549401.0          |
|apart   |2017-08-09 |713643.0          |
|apart   |2018-12-03 |391225.5          |
|housing |2002-12-17 |609872.0          |
|housing |2003-03-01 |476269.6666666667 |
|housing |2004-07-27 |513994.5          |
|housing |2005-10-10 |382000.0          |
|housing |2006-05-04 |456549.5          |
|housing |2008-03-08 |319689.5          |
|housing |2009-05-08 |646952.5          |
|housing |2010-11-30 |630071.0          |
|housing |2011-03-16 |573987.3333333334 |
|housing |2012-12-27 |568697.0          |
|housing |2013-06-17 |434106.5          |
|housing |2014-02-04 |418666.0          |
|housing |2015-04-05 |605672.0          |
|housing |2016-02-14 |314310.5          |
|housing |2017-11-01 |670058.0          |
|housing |2018-02-02 |274482.3333333333 |
|opistel |2003-07-02 |289217.0          |
|opistel |2004-03-15 |576176.6666666666 |
|opistel |2005-03-22 |114507.75         |
|opistel |2006-05-24 |290841.3333333333 |
|opistel |2007-01-19 |85891.0           |
|opistel |2008-02-24 |329486.5          |
|opistel |2009-09-16 |455998.3333333333 |
|opistel |2010-06-17 |557123.25         |
|opistel |2011-07-07 |540134.5          |
|opistel |2012-07-27 |579436.6          |
|opistel |2013-04-10 |547356.6666666666 |
|opistel |2014-11-20 |745809.3333333334 |
|opistel |2015-04-12 |524897.3333333334 |
|opistel |2016-02-21 |442470.6666666667 |
|opistel |2017-02-02 |177629.75         |
|opistel |2018-02-02 |340140.3333333333 |
|--------|-----------|------------------|


20:38:46.748 [http-nio-8080-exec-1] INFO - 
|--------|-----------|-------------------|
|type    |date       |col_2_0_           |
|--------|-----------|-------------------|
|apart   |2004-12-13 |39498.8            |
|apart   |2005-03-31 |47179.333333333336 |
|apart   |2006-12-08 |44503.0            |
|apart   |2008-12-20 |62324.0            |
|apart   |2009-03-01 |46040.666666666664 |
|apart   |2010-02-14 |53813.666666666664 |
|apart   |2011-09-26 |31499.0            |
|apart   |2012-02-28 |9940.0             |
|apart   |2013-05-20 |33847.0            |
|apart   |2017-04-28 |10694.0            |
|apart   |2018-12-03 |43055.0            |
|housing |2003-06-15 |97838.0            |
|housing |2004-02-12 |84403.0            |
|housing |2005-11-16 |74168.5            |
|housing |2006-07-10 |72279.0            |
|housing |2007-08-30 |56377.666666666664 |
|housing |2008-09-22 |58584.5            |
|housing |2009-08-19 |48374.0            |
|housing |2011-03-11 |4814.0             |
|housing |2012-11-25 |37473.0            |
|housing |2013-11-03 |54098.666666666664 |
|housing |2014-06-16 |23833.0            |
|housing |2015-05-17 |56619.0            |
|housing |2016-01-25 |71938.66666666667  |
|housing |2017-05-05 |72546.25           |
|opistel |2003-12-12 |88288.5            |
|opistel |2004-08-01 |8971.0             |
|opistel |2005-08-24 |52035.666666666664 |
|opistel |2006-10-14 |55012.0            |
|opistel |2007-08-24 |97122.0            |
|opistel |2008-02-18 |76174.0            |
|opistel |2010-01-12 |64360.5            |
|opistel |2012-10-29 |48684.333333333336 |
|opistel |2013-09-12 |49055.333333333336 |
|opistel |2014-05-25 |49753.0            |
|opistel |2016-04-25 |54177.0            |
|opistel |2018-11-06 |90311.0            |
|--------|-----------|-------------------|


20:38:46.845 [http-nio-8080-exec-1] INFO - 
|--------|-----------|-------------------|
|type    |date       |col_2_0_           |
|--------|-----------|-------------------|
|apart   |2003-02-04 |64.9090909090909   |
|apart   |2004-07-05 |56.2               |
|apart   |2005-11-20 |67.1               |
|apart   |2006-12-07 |52.0               |
|apart   |2007-04-12 |67.75              |
|apart   |2008-05-24 |61.25              |
|apart   |2009-05-06 |67.14285714285714  |
|apart   |2010-12-03 |55.8               |
|apart   |2011-07-07 |50.0               |
|apart   |2012-05-27 |50.4               |
|apart   |2013-03-30 |52.125             |
|apart   |2014-11-03 |51.8               |
|apart   |2015-06-07 |52.625             |
|apart   |2016-12-18 |71.66666666666667  |
|apart   |2017-12-14 |72.66666666666667  |
|apart   |2018-11-26 |48.666666666666664 |
|housing |2002-12-07 |68.0               |
|housing |2003-04-02 |60.4               |
|housing |2004-09-04 |62.333333333333336 |
|housing |2005-06-11 |66.0               |
|housing |2006-09-14 |66.8               |
|housing |2007-03-05 |65.8               |
|housing |2008-06-20 |64.2               |
|housing |2009-08-23 |64.8               |
|housing |2010-01-26 |30.75              |
|housing |2011-05-13 |63.857142857142854 |
|housing |2012-07-25 |55.57142857142857  |
|housing |2013-02-17 |57.8               |
|housing |2014-03-03 |45.875             |
|housing |2015-10-13 |35.666666666666664 |
|housing |2016-11-09 |60.166666666666664 |
|housing |2017-04-29 |55.2               |
|housing |2018-07-01 |60.75              |
|opistel |2003-04-05 |50.0               |
|opistel |2004-10-21 |52.44444444444444  |
|opistel |2005-05-17 |59.375             |
|opistel |2006-01-08 |59.2               |
|opistel |2007-05-16 |50.5               |
|opistel |2008-11-21 |63.75              |
|opistel |2009-09-05 |74.4               |
|opistel |2010-08-01 |67.85714285714286  |
|opistel |2011-10-05 |93.0               |
|opistel |2012-01-02 |44.333333333333336 |
|opistel |2013-10-02 |60.666666666666664 |
|opistel |2014-09-13 |45.0               |
|opistel |2015-12-10 |78.71428571428571  |
|opistel |2016-04-23 |3919.6666666666665 |
|opistel |2017-05-23 |278.6363636363636  |
|opistel |2018-02-26 |38.2               |
|--------|-----------|-------------------|


20:46:48.182 [http-nio-8080-exec-1] INFO - 
|--------|-----------|------------------|
|type    |date       |col_2_0_          |
|--------|-----------|------------------|
|apart   |2003-11-20 |369326.6666666667 |
|apart   |2004-05-07 |929492.0          |
|apart   |2005-02-10 |372825.5          |
|apart   |2006-08-13 |850750.0          |
|apart   |2007-08-15 |758908.5          |
|apart   |2008-10-30 |400267.5          |
|apart   |2009-06-14 |521820.0          |
|apart   |2010-08-22 |416754.0          |
|apart   |2011-03-16 |806941.0          |
|apart   |2012-04-28 |547533.5          |
|apart   |2013-05-05 |566119.0          |
|apart   |2015-01-20 |382082.0          |
|apart   |2016-12-27 |549401.0          |
|apart   |2017-08-09 |713643.0          |
|apart   |2018-12-03 |391225.5          |
|housing |2002-12-17 |609872.0          |
|housing |2003-03-01 |476269.6666666667 |
|housing |2004-07-27 |513994.5          |
|housing |2005-10-10 |382000.0          |
|housing |2006-05-04 |456549.5          |
|housing |2008-03-08 |319689.5          |
|housing |2009-05-08 |646952.5          |
|housing |2010-11-30 |630071.0          |
|housing |2011-03-16 |573987.3333333334 |
|housing |2012-12-27 |568697.0          |
|housing |2013-06-17 |434106.5          |
|housing |2014-02-04 |418666.0          |
|housing |2015-04-05 |605672.0          |
|housing |2016-02-14 |314310.5          |
|housing |2017-11-01 |670058.0          |
|housing |2018-02-02 |274482.3333333333 |
|opistel |2003-07-02 |289217.0          |
|opistel |2004-03-15 |576176.6666666666 |
|opistel |2005-03-22 |114507.75         |
|opistel |2006-05-24 |290841.3333333333 |
|opistel |2007-01-19 |85891.0           |
|opistel |2008-02-24 |329486.5          |
|opistel |2009-09-16 |455998.3333333333 |
|opistel |2010-06-17 |557123.25         |
|opistel |2011-07-07 |540134.5          |
|opistel |2012-07-27 |579436.6          |
|opistel |2013-04-10 |547356.6666666666 |
|opistel |2014-11-20 |745809.3333333334 |
|opistel |2015-04-12 |524897.3333333334 |
|opistel |2016-02-21 |442470.6666666667 |
|opistel |2017-02-02 |177629.75         |
|opistel |2018-02-02 |340140.3333333333 |
|--------|-----------|------------------|


20:46:48.242 [http-nio-8080-exec-1] INFO - 
|--------|-----------|-------------------|
|type    |date       |col_2_0_           |
|--------|-----------|-------------------|
|apart   |2004-12-13 |39498.8            |
|apart   |2005-03-31 |47179.333333333336 |
|apart   |2006-12-08 |44503.0            |
|apart   |2008-12-20 |62324.0            |
|apart   |2009-03-01 |46040.666666666664 |
|apart   |2010-02-14 |53813.666666666664 |
|apart   |2011-09-26 |31499.0            |
|apart   |2012-02-28 |9940.0             |
|apart   |2013-05-20 |33847.0            |
|apart   |2017-04-28 |10694.0            |
|apart   |2018-12-03 |43055.0            |
|housing |2003-06-15 |97838.0            |
|housing |2004-02-12 |84403.0            |
|housing |2005-11-16 |74168.5            |
|housing |2006-07-10 |72279.0            |
|housing |2007-08-30 |56377.666666666664 |
|housing |2008-09-22 |58584.5            |
|housing |2009-08-19 |48374.0            |
|housing |2011-03-11 |4814.0             |
|housing |2012-11-25 |37473.0            |
|housing |2013-11-03 |54098.666666666664 |
|housing |2014-06-16 |23833.0            |
|housing |2015-05-17 |56619.0            |
|housing |2016-01-25 |71938.66666666667  |
|housing |2017-05-05 |72546.25           |
|opistel |2003-12-12 |88288.5            |
|opistel |2004-08-01 |8971.0             |
|opistel |2005-08-24 |52035.666666666664 |
|opistel |2006-10-14 |55012.0            |
|opistel |2007-08-24 |97122.0            |
|opistel |2008-02-18 |76174.0            |
|opistel |2010-01-12 |64360.5            |
|opistel |2012-10-29 |48684.333333333336 |
|opistel |2013-09-12 |49055.333333333336 |
|opistel |2014-05-25 |49753.0            |
|opistel |2016-04-25 |54177.0            |
|opistel |2018-11-06 |90311.0            |
|--------|-----------|-------------------|


20:46:48.285 [http-nio-8080-exec-1] INFO - 
|--------|-----------|-------------------|
|type    |date       |col_2_0_           |
|--------|-----------|-------------------|
|apart   |2003-02-04 |64.9090909090909   |
|apart   |2004-07-05 |56.2               |
|apart   |2005-11-20 |67.1               |
|apart   |2006-12-07 |52.0               |
|apart   |2007-04-12 |67.75              |
|apart   |2008-05-24 |61.25              |
|apart   |2009-05-06 |67.14285714285714  |
|apart   |2010-12-03 |55.8               |
|apart   |2011-07-07 |50.0               |
|apart   |2012-05-27 |50.4               |
|apart   |2013-03-30 |52.125             |
|apart   |2014-11-03 |51.8               |
|apart   |2015-06-07 |52.625             |
|apart   |2016-12-18 |71.66666666666667  |
|apart   |2017-12-14 |72.66666666666667  |
|apart   |2018-11-26 |48.666666666666664 |
|housing |2002-12-07 |68.0               |
|housing |2003-04-02 |60.4               |
|housing |2004-09-04 |62.333333333333336 |
|housing |2005-06-11 |66.0               |
|housing |2006-09-14 |66.8               |
|housing |2007-03-05 |65.8               |
|housing |2008-06-20 |64.2               |
|housing |2009-08-23 |64.8               |
|housing |2010-01-26 |30.75              |
|housing |2011-05-13 |63.857142857142854 |
|housing |2012-07-25 |55.57142857142857  |
|housing |2013-02-17 |57.8               |
|housing |2014-03-03 |45.875             |
|housing |2015-10-13 |35.666666666666664 |
|housing |2016-11-09 |60.166666666666664 |
|housing |2017-04-29 |55.2               |
|housing |2018-07-01 |60.75              |
|opistel |2003-04-05 |50.0               |
|opistel |2004-10-21 |52.44444444444444  |
|opistel |2005-05-17 |59.375             |
|opistel |2006-01-08 |59.2               |
|opistel |2007-05-16 |50.5               |
|opistel |2008-11-21 |63.75              |
|opistel |2009-09-05 |74.4               |
|opistel |2010-08-01 |67.85714285714286  |
|opistel |2011-10-05 |93.0               |
|opistel |2012-01-02 |44.333333333333336 |
|opistel |2013-10-02 |60.666666666666664 |
|opistel |2014-09-13 |45.0               |
|opistel |2015-12-10 |78.71428571428571  |
|opistel |2016-04-23 |3919.6666666666665 |
|opistel |2017-05-23 |278.6363636363636  |
|opistel |2018-02-26 |38.2               |
|--------|-----------|-------------------|


